<?xml version="1.0" encoding="UTF-8"?>
<!-- Generated by org.testng.reporters.JUnitReportReporter -->
<testsuite skipped="0" hostname="design_iq_ws" name="pom.test" tests="1" failures="0" timestamp="14 Nov 2017 10:11:50 GMT" time="19.807" errors="0">
  <testcase name="run" time="19.807" classname="pom.test"/>
</testsuite> <!-- pom.test -->
